<?xml version="1.0" encoding="UTF-8"?>
<!-- Generated by org.testng.reporters.JUnitXMLReporter -->
<testsuite ignored="0" hostname="LAPTOP-8QGT5BI0" failures="0" tests="4" name="Command line test" time="51.925" errors="0" timestamp="25 Sep 2022 13:42:35 GMT">
  <testcase classname="actitime.testcases.HomePageTest" name="homePageLogoTest" time="5.195"/>
  <testcase classname="actitime.testcases.LogonPageTest" name="loginPageLogoTest" time="0.081"/>
  <testcase classname="actitime.testcases.HomePageTest" name="homePageTaskLinkTest" time="9.936"/>
  <testcase classname="actitime.testcases.LogonPageTest" name="LoginTest" time="0.0">
    <skipped/>
  </testcase> <!-- LoginTest -->
</testsuite> <!-- Command line test -->
